<?xml version="1.0" encoding="UTF-8"?>
<testsuites name="TS_Global_Login" time="31.148" tests="2" failures="0" errors="0">
   <testsuite name="TS_Global_Login" tests="2" failures="0" errors="0" time="31.148" skipped="0" timestamp="21-04-2024T16:48:41" hostname="XQ612DJ - IN3086658W1.ey.net" id="Test Suites/TS_Global_Login">
      <properties>
         <property name="deviceName" value=""/>
         <property name="devicePlatform" value=""/>
         <property name="logFolder" value="C:\\Users\\XQ612DJ\\git\\KatalonPetStoreGit\\Reports\\20240421_164823\\TS_Global_Login\\20240421_164823"/>
         <property name="logFiles" value="C:\\Users\\XQ612DJ\\git\\KatalonPetStoreGit\\Reports\\20240421_164823\\TS_Global_Login\\20240421_164823\\execution0.log"/>
         <property name="attachments" value=""/>
         <property name="hostName" value="XQ612DJ - IN3086658W1.ey.net"/>
         <property name="os" value="Windows 10 64bit"/>
         <property name="katalonVersion" value="9.4.0.212"/>
         <property name="browser" value="Edge Chromium 123"/>
         <property name="hostAddress" value="192.168.29.106"/>
         <property name="sessionId" value="565f7eb69828dc2c160963559c283ac2"/>
         <property name="seleniumVersion" value="3.141.59"/>
         <property name="proxyInformation" value="ProxyInformation { proxyOption=NO_PROXY, proxyServerType=HTTP, username=, password=********, proxyServerAddress=, proxyServerPort=0, executionList=&quot;&quot;, isApplyToDesiredCapabilities=true }"/>
         <property name="platform" value="Windows 10"/>
      </properties>
      <testcase name="Test Cases/Log-in" time="16.339" classname="Test Cases/Log-in" status="PASSED">
         <system-out><![CDATA[21-04-2024T16:48:42 - [TEST_CASE][PASSED] - Test Cases/Log-in: Test Cases/Log-in

21-04-2024T16:48:42 - [TEST_STEP][PASSED] - openBrowser(""): Browser is opened with url: ''

21-04-2024T16:48:43 - [MESSAGE][INFO] - Starting 'Edge Chromium' driver

21-04-2024T16:48:46 - [MESSAGE][INFO] - Action delay is set to 0 milliseconds

21-04-2024T16:48:49 - [MESSAGE][PASSED] - Browser is opened with url: ''

21-04-2024T16:48:49 - [TEST_STEP][PASSED] - navigateToUrl(BaseUrl): Navigate to 'https://petstore.octoperf.com' successfully

21-04-2024T16:48:51 - [MESSAGE][PASSED] - Navigate to 'https://petstore.octoperf.com' successfully

21-04-2024T16:48:51 - [TEST_STEP][PASSED] - waitForPageLoad(waitForPageLoad): Wait for page load successfully

21-04-2024T16:48:51 - [MESSAGE][PASSED] - Wait for page load successfully

21-04-2024T16:48:51 - [TEST_STEP][PASSED] - click(findTestObject("Object Repository/Page_JPetStore Demo/a_Enter the Store")): Object: 'Object Repository/Page_JPetStore Demo/a_Enter the Store' is clicked on

21-04-2024T16:48:53 - [MESSAGE][PASSED] - Object: 'Object Repository/Page_JPetStore Demo/a_Enter the Store' is clicked on

21-04-2024T16:48:53 - [TEST_STEP][PASSED] - click(findTestObject("Object Repository/Page_JPetStore Demo/a_Sign In")): Object: 'Object Repository/Page_JPetStore Demo/a_Sign In' is clicked on

21-04-2024T16:48:54 - [MESSAGE][PASSED] - Object: 'Object Repository/Page_JPetStore Demo/a_Sign In' is clicked on

21-04-2024T16:48:54 - [TEST_STEP][PASSED] - setText(findTestObject("Object Repository/Page_JPetStore Demo/input_Need a user name and password_username"), username): Text 'mohan1' is set on object 'Object Repository/Page_JPetStore Demo/input_Need a user name and password_username'

21-04-2024T16:48:55 - [MESSAGE][PASSED] - Text 'mohan1' is set on object 'Object Repository/Page_JPetStore Demo/input_Need a user name and password_username'

21-04-2024T16:48:55 - [TEST_STEP][PASSED] - setEncryptedText(findTestObject("Object Repository/Page_JPetStore Demo/input_Ship to different address_newOrder"), "NXt0rM6HQe0="): Text ****** has been set on object 'Object Repository/Page_JPetStore Demo/input_Ship to different address_newOrder'

21-04-2024T16:48:55 - [MESSAGE][PASSED] - Text ****** has been set on object 'Object Repository/Page_JPetStore Demo/input_Ship to different address_newOrder'

21-04-2024T16:48:55 - [TEST_STEP][PASSED] - click(findTestObject("Object Repository/Page_JPetStore Demo/input_Ship to different address_newOrder")): Object: 'Object Repository/Page_JPetStore Demo/input_Ship to different address_newOrder' is clicked on

21-04-2024T16:48:56 - [MESSAGE][PASSED] - Object: 'Object Repository/Page_JPetStore Demo/input_Ship to different address_newOrder' is clicked on

21-04-2024T16:48:56 - [TEST_STEP][PASSED] - click(findTestObject("Object Repository/Page_JPetStore Demo/a_Sign Out")): Object: 'Object Repository/Page_JPetStore Demo/a_Sign Out' is clicked on

21-04-2024T16:48:57 - [MESSAGE][PASSED] - Object: 'Object Repository/Page_JPetStore Demo/a_Sign Out' is clicked on

21-04-2024T16:48:57 - [TEST_STEP][PASSED] - closeBrowser(): Browser is closed

21-04-2024T16:48:58 - [MESSAGE][PASSED] - Browser is closed]]></system-out>
         <system-err><![CDATA[]]></system-err>
      </testcase>
      <testcase name="Test Cases/Log" time="14.408" classname="Test Cases/Log" status="PASSED">
         <system-out><![CDATA[21-04-2024T16:48:58 - [TEST_CASE][PASSED] - Test Cases/Log: Test Cases/Log

21-04-2024T16:48:59 - [TEST_STEP][PASSED] - openBrowser(""): Browser is opened with url: ''

21-04-2024T16:48:59 - [MESSAGE][INFO] - Starting 'Edge Chromium' driver

21-04-2024T16:49:01 - [MESSAGE][INFO] - Action delay is set to 0 milliseconds

21-04-2024T16:49:04 - [MESSAGE][PASSED] - Browser is opened with url: ''

21-04-2024T16:49:04 - [TEST_STEP][PASSED] - navigateToUrl(BaseUrl): Navigate to 'https://petstore.octoperf.com' successfully

21-04-2024T16:49:06 - [MESSAGE][PASSED] - Navigate to 'https://petstore.octoperf.com' successfully

21-04-2024T16:49:06 - [TEST_STEP][PASSED] - click(findTestObject("Object Repository/Login/Page_JPetStore Demo/a_Enter the Store")): Object: 'Object Repository/Login/Page_JPetStore Demo/a_Enter the Store' is clicked on

21-04-2024T16:49:07 - [MESSAGE][PASSED] - Object: 'Object Repository/Login/Page_JPetStore Demo/a_Enter the Store' is clicked on

21-04-2024T16:49:07 - [TEST_STEP][PASSED] - click(findTestObject("Object Repository/Login/Page_JPetStore Demo/a_Sign In")): Object: 'Object Repository/Login/Page_JPetStore Demo/a_Sign In' is clicked on

21-04-2024T16:49:08 - [MESSAGE][PASSED] - Object: 'Object Repository/Login/Page_JPetStore Demo/a_Sign In' is clicked on

21-04-2024T16:49:08 - [TEST_STEP][PASSED] - setText(findTestObject("Object Repository/Login/Page_JPetStore Demo/input_Need a user name and password_username"), username): Text 'mohan1' is set on object 'Object Repository/Login/Page_JPetStore Demo/input_Need a user name and password_username'

21-04-2024T16:49:09 - [MESSAGE][PASSED] - Text 'mohan1' is set on object 'Object Repository/Login/Page_JPetStore Demo/input_Need a user name and password_username'

21-04-2024T16:49:09 - [TEST_STEP][PASSED] - setText(findTestObject("Login/Page_JPetStore Demo/input_Need a user name and password_username"), password): Text 'mohan1' is set on object 'Object Repository/Login/Page_JPetStore Demo/input_Need a user name and password_username'

21-04-2024T16:49:10 - [MESSAGE][PASSED] - Text 'mohan1' is set on object 'Object Repository/Login/Page_JPetStore Demo/input_Need a user name and password_username'

21-04-2024T16:49:10 - [TEST_STEP][PASSED] - click(findTestObject("Object Repository/Login/Page_JPetStore Demo/input_Need a user name and password_signon")): Object: 'Object Repository/Login/Page_JPetStore Demo/input_Need a user name and password_signon' is clicked on

21-04-2024T16:49:11 - [MESSAGE][PASSED] - Object: 'Object Repository/Login/Page_JPetStore Demo/input_Need a user name and password_signon' is clicked on

21-04-2024T16:49:11 - [TEST_STEP][PASSED] - click(findTestObject("Object Repository/Login/Page_JPetStore Demo/a_Sign Out")): Object: 'Object Repository/Login/Page_JPetStore Demo/a_Sign Out' is clicked on

21-04-2024T16:49:12 - [MESSAGE][PASSED] - Object: 'Object Repository/Login/Page_JPetStore Demo/a_Sign Out' is clicked on

21-04-2024T16:49:12 - [TEST_STEP][PASSED] - closeBrowser(): Browser is closed

21-04-2024T16:49:13 - [MESSAGE][PASSED] - Browser is closed]]></system-out>
         <system-err><![CDATA[]]></system-err>
      </testcase>
      <system-out><![CDATA[21-04-2024T16:48:41 - [TEST_SUITE][PASSED] - TS_Global_Login: Test Cases/Log]]></system-out>
      <system-err><![CDATA[]]></system-err>
   </testsuite>
</testsuites>
