<?xml version="1.0" encoding="UTF-8"?>
<testsuites name="TS_VT_MainMenu" time="16.458" tests="1" failures="0" errors="0">
   <testsuite name="TS_VT_MainMenu" tests="1" failures="0" errors="0" time="16.458" skipped="0" timestamp="28-04-2024T12:37:42" hostname="XQ612DJ - IN3086658W1.ey.net" id="Test Suites/TS_VT_MainMenu">
      <properties>
         <property name="deviceName" value=""/>
         <property name="devicePlatform" value=""/>
         <property name="logFolder" value="C:\\Users\\XQ612DJ\\git\\KatalonPetStoreGit\\Reports\\20240428_123727\\TS_VT_MainMenu\\20240428_123727"/>
         <property name="logFiles" value="C:\\Users\\XQ612DJ\\git\\KatalonPetStoreGit\\Reports\\20240428_123727\\TS_VT_MainMenu\\20240428_123727\\execution0.log"/>
         <property name="attachments" value="keyes\keyes-mypic.png"/>
         <property name="hostName" value="XQ612DJ - IN3086658W1.ey.net"/>
         <property name="os" value="Windows 10 64bit"/>
         <property name="katalonVersion" value="9.4.0.212"/>
         <property name="browser" value="Edge Chromium 124"/>
         <property name="hostAddress" value="192.168.29.106"/>
         <property name="sessionId" value="7017dd22d3599b4437c863e8c18a99af"/>
         <property name="seleniumVersion" value="3.141.59"/>
         <property name="proxyInformation" value="ProxyInformation { proxyOption=NO_PROXY, proxyServerType=HTTP, username=, password=********, proxyServerAddress=, proxyServerPort=0, executionList=&quot;&quot;, isApplyToDesiredCapabilities=true }"/>
         <property name="platform" value="Windows 10"/>
      </properties>
      <testcase name="Test Cases/VT_MainMenu" time="16.052" classname="Test Cases/VT_MainMenu" status="PASSED">
         <system-out><![CDATA[28-04-2024T12:37:43 - [TEST_CASE][PASSED] - Test Cases/VT_MainMenu: Test Cases/VT_MainMenu

28-04-2024T12:37:43 - [TEST_STEP][PASSED] - openBrowser(""): Browser is opened with url: ''

28-04-2024T12:37:44 - [MESSAGE][INFO] - Starting 'Edge Chromium' driver

28-04-2024T12:37:47 - [MESSAGE][INFO] - Action delay is set to 0 milliseconds

28-04-2024T12:37:50 - [MESSAGE][PASSED] - Browser is opened with url: ''

28-04-2024T12:37:50 - [TEST_STEP][PASSED] - navigateToUrl("https://petstore.octoperf.com/"): Navigate to 'https://petstore.octoperf.com/' successfully

28-04-2024T12:37:52 - [MESSAGE][PASSED] - Navigate to 'https://petstore.octoperf.com/' successfully

28-04-2024T12:37:53 - [TEST_STEP][PASSED] - click(findTestObject("Object Repository/VT_MainMenu/Page_JPetStore Demo/a_Enter the Store")): Object: 'Object Repository/VT_MainMenu/Page_JPetStore Demo/a_Enter the Store' is clicked on

28-04-2024T12:37:55 - [MESSAGE][PASSED] - Object: 'Object Repository/VT_MainMenu/Page_JPetStore Demo/a_Enter the Store' is clicked on

28-04-2024T12:37:55 - [TEST_STEP][PASSED] - takeScreenshotAsCheckpoint("mypic"): Taking screenshot successfully

28-04-2024T12:37:57 - [MESSAGE][INFO] - 0 hidden object(s)

28-04-2024T12:37:57 - [MESSAGE][PASSED] - Taking screenshot successfully
[[ATTACHMENT|keyes\keyes-mypic.png]]

28-04-2024T12:37:57 - [TEST_STEP][PASSED] - click(findTestObject("Object Repository/VT_MainMenu/Page_JPetStore Demo/a_Sign In")): Object: 'Object Repository/VT_MainMenu/Page_JPetStore Demo/a_Sign In' is clicked on

28-04-2024T12:37:58 - [MESSAGE][PASSED] - Object: 'Object Repository/VT_MainMenu/Page_JPetStore Demo/a_Sign In' is clicked on

28-04-2024T12:37:58 - [TEST_STEP][PASSED] - closeBrowser(): Browser is closed

28-04-2024T12:37:59 - [MESSAGE][PASSED] - Browser is closed]]></system-out>
         <system-err><![CDATA[]]></system-err>
      </testcase>
      <system-out><![CDATA[28-04-2024T12:37:42 - [TEST_SUITE][PASSED] - TS_VT_MainMenu: Test Cases/VT_MainMenu]]></system-out>
      <system-err><![CDATA[]]></system-err>
   </testsuite>
</testsuites>
