<?xml version="1.0" encoding="UTF-8"?>
<testsuites name="TS_VT_Navigate" time="18.569" tests="1" failures="0" errors="0">
   <testsuite name="TS_VT_Navigate" tests="1" failures="0" errors="0" time="18.569" skipped="0" timestamp="28-04-2024T12:24:32" hostname="XQ612DJ - IN3086658W1.ey.net" id="Test Suites/TS_VT_Navigate">
      <properties>
         <property name="deviceName" value=""/>
         <property name="devicePlatform" value=""/>
         <property name="logFolder" value="C:\\Users\\XQ612DJ\\git\\KatalonPetStoreGit\\Reports\\20240428_122410\\TS_VT_Navigate\\20240428_122410"/>
         <property name="logFiles" value="C:\\Users\\XQ612DJ\\git\\KatalonPetStoreGit\\Reports\\20240428_122410\\TS_VT_Navigate\\20240428_122410\\execution0.log"/>
         <property name="attachments" value="keyes\keyes-mypic.png"/>
         <property name="hostName" value="XQ612DJ - IN3086658W1.ey.net"/>
         <property name="os" value="Windows 10 64bit"/>
         <property name="katalonVersion" value="9.4.0.212"/>
         <property name="browser" value="Edge Chromium 124"/>
         <property name="hostAddress" value="192.168.29.106"/>
         <property name="sessionId" value="019757c8098b887177dfef8d7e926479"/>
         <property name="seleniumVersion" value="3.141.59"/>
         <property name="proxyInformation" value="ProxyInformation { proxyOption=NO_PROXY, proxyServerType=HTTP, username=, password=********, proxyServerAddress=, proxyServerPort=0, executionList=&quot;&quot;, isApplyToDesiredCapabilities=true }"/>
         <property name="platform" value="Windows 10"/>
      </properties>
      <testcase name="Test Cases/VT_Navigate" time="18.126" classname="Test Cases/VT_Navigate" status="PASSED">
         <system-out><![CDATA[28-04-2024T12:24:32 - [TEST_CASE][PASSED] - Test Cases/VT_Navigate: Test Cases/VT_Navigate

28-04-2024T12:24:33 - [TEST_STEP][PASSED] - openBrowser(""): Browser is opened with url: ''

28-04-2024T12:24:34 - [MESSAGE][INFO] - Starting 'Edge Chromium' driver

28-04-2024T12:24:37 - [MESSAGE][INFO] - Action delay is set to 0 milliseconds

28-04-2024T12:24:41 - [MESSAGE][PASSED] - Browser is opened with url: ''

28-04-2024T12:24:41 - [TEST_STEP][PASSED] - navigateToUrl("https://petstore.octoperf.com/"): Navigate to 'https://petstore.octoperf.com/' successfully

28-04-2024T12:24:43 - [MESSAGE][PASSED] - Navigate to 'https://petstore.octoperf.com/' successfully

28-04-2024T12:24:43 - [TEST_STEP][PASSED] - click(findTestObject("Object Repository/VT_Navigate/Page_JPetStore Demo/a_Enter the Store")): Object: 'Object Repository/VT_Navigate/Page_JPetStore Demo/a_Enter the Store' is clicked on

28-04-2024T12:24:45 - [MESSAGE][PASSED] - Object: 'Object Repository/VT_Navigate/Page_JPetStore Demo/a_Enter the Store' is clicked on

28-04-2024T12:24:45 - [TEST_STEP][PASSED] - takeScreenshotAsCheckpoint("mypic"): Taking screenshot successfully

28-04-2024T12:24:46 - [MESSAGE][INFO] - 0 hidden object(s)

28-04-2024T12:24:46 - [MESSAGE][PASSED] - Taking screenshot successfully
[[ATTACHMENT|keyes\keyes-mypic.png]]

28-04-2024T12:24:46 - [TEST_STEP][PASSED] - click(findTestObject("Object Repository/VT_Navigate/Page_JPetStore Demo/img")): Object: 'Object Repository/VT_Navigate/Page_JPetStore Demo/img' is clicked on

28-04-2024T12:24:47 - [MESSAGE][PASSED] - Object: 'Object Repository/VT_Navigate/Page_JPetStore Demo/img' is clicked on

28-04-2024T12:24:47 - [TEST_STEP][PASSED] - click(findTestObject("Object Repository/VT_Navigate/Page_JPetStore Demo/img_1")): Object: 'Object Repository/VT_Navigate/Page_JPetStore Demo/img_1' is clicked on

28-04-2024T12:24:49 - [MESSAGE][PASSED] - Object: 'Object Repository/VT_Navigate/Page_JPetStore Demo/img_1' is clicked on

28-04-2024T12:24:49 - [TEST_STEP][PASSED] - closeBrowser(): Browser is closed

28-04-2024T12:24:50 - [MESSAGE][PASSED] - Browser is closed]]></system-out>
         <system-err><![CDATA[]]></system-err>
      </testcase>
      <system-out><![CDATA[28-04-2024T12:24:32 - [TEST_SUITE][PASSED] - TS_VT_Navigate: Test Cases/VT_Navigate]]></system-out>
      <system-err><![CDATA[]]></system-err>
   </testsuite>
</testsuites>
