<?xml version="1.0" encoding="UTF-8"?>
<testsuites name="TS_Add_Reptile_To_Cart" time="42.738" tests="1" failures="0" errors="0">
   <testsuite name="TS_Add_Reptile_To_Cart" tests="1" failures="0" errors="0" time="42.738" skipped="0" timestamp="21-04-2024T17:37:49" hostname="XQ612DJ - IN3086658W1.ey.net" id="Test Suites/TS_Add_Reptile_To_Cart">
      <properties>
         <property name="deviceName" value=""/>
         <property name="devicePlatform" value=""/>
         <property name="logFolder" value="C:\\Users\\XQ612DJ\\git\\KatalonPetStoreGit\\Reports\\20240421_173716\\TS_Add_Reptile_To_Cart\\20240421_173719"/>
         <property name="logFiles" value="C:\\Users\\XQ612DJ\\git\\KatalonPetStoreGit\\Reports\\20240421_173716\\TS_Add_Reptile_To_Cart\\20240421_173719\\execution0.log"/>
         <property name="attachments" value=""/>
         <property name="hostName" value="XQ612DJ - IN3086658W1.ey.net"/>
         <property name="os" value="Windows 10 64bit"/>
         <property name="katalonVersion" value="9.4.0.212"/>
         <property name="browser" value="Edge Chromium 123"/>
         <property name="hostAddress" value="192.168.29.106"/>
         <property name="sessionId" value="c6b4847f01f2ab07852593ce7e6472a1"/>
         <property name="seleniumVersion" value="3.141.59"/>
         <property name="proxyInformation" value="ProxyInformation { proxyOption=NO_PROXY, proxyServerType=HTTP, username=, password=********, proxyServerAddress=, proxyServerPort=0, executionList=&quot;&quot;, isApplyToDesiredCapabilities=true }"/>
         <property name="platform" value="Windows 10"/>
      </properties>
      <testcase name="Test Cases/Add_Reptile_To_Cart" time="41.152" classname="Test Cases/Add_Reptile_To_Cart" status="PASSED">
         <system-out><![CDATA[21-04-2024T17:37:51 - [TEST_CASE][PASSED] - Test Cases/Add_Reptile_To_Cart: Test Cases/Add_Reptile_To_Cart

21-04-2024T17:37:52 - [TEST_STEP][PASSED] - openBrowser(""): Browser is opened with url: ''

21-04-2024T17:37:55 - [MESSAGE][INFO] - Starting 'Edge Chromium' driver

21-04-2024T17:38:09 - [MESSAGE][INFO] - Action delay is set to 0 milliseconds

21-04-2024T17:38:15 - [MESSAGE][PASSED] - Browser is opened with url: ''

21-04-2024T17:38:15 - [TEST_STEP][PASSED] - navigateToUrl("https://petstore.octoperf.com/"): Navigate to 'https://petstore.octoperf.com/' successfully

21-04-2024T17:38:16 - [MESSAGE][PASSED] - Navigate to 'https://petstore.octoperf.com/' successfully

21-04-2024T17:38:16 - [TEST_STEP][PASSED] - click(findTestObject("Object Repository/Add_Reptile_To_Cart/Page_JPetStore Demo/a_Enter the Store")): Object: 'Object Repository/Add_Reptile_To_Cart/Page_JPetStore Demo/a_Enter the Store' is clicked on

21-04-2024T17:38:19 - [MESSAGE][PASSED] - Object: 'Object Repository/Add_Reptile_To_Cart/Page_JPetStore Demo/a_Enter the Store' is clicked on

21-04-2024T17:38:19 - [TEST_STEP][PASSED] - click(findTestObject("Object Repository/Add_Reptile_To_Cart/Page_JPetStore Demo/img")): Object: 'Object Repository/Add_Reptile_To_Cart/Page_JPetStore Demo/img' is clicked on

21-04-2024T17:38:20 - [MESSAGE][PASSED] - Object: 'Object Repository/Add_Reptile_To_Cart/Page_JPetStore Demo/img' is clicked on

21-04-2024T17:38:20 - [TEST_STEP][PASSED] - click(findTestObject("Object Repository/Add_Reptile_To_Cart/Page_JPetStore Demo/a_RP-SN-01")): Object: 'Object Repository/Add_Reptile_To_Cart/Page_JPetStore Demo/a_RP-SN-01' is clicked on

21-04-2024T17:38:22 - [MESSAGE][PASSED] - Object: 'Object Repository/Add_Reptile_To_Cart/Page_JPetStore Demo/a_RP-SN-01' is clicked on

21-04-2024T17:38:22 - [TEST_STEP][PASSED] - click(findTestObject("Object Repository/Add_Reptile_To_Cart/Page_JPetStore Demo/a_Add to Cart")): Object: 'Object Repository/Add_Reptile_To_Cart/Page_JPetStore Demo/a_Add to Cart' is clicked on

21-04-2024T17:38:24 - [MESSAGE][PASSED] - Object: 'Object Repository/Add_Reptile_To_Cart/Page_JPetStore Demo/a_Add to Cart' is clicked on

21-04-2024T17:38:24 - [TEST_STEP][PASSED] - closeBrowser(): Browser is closed

21-04-2024T17:38:32 - [MESSAGE][PASSED] - Browser is closed]]></system-out>
         <system-err><![CDATA[]]></system-err>
      </testcase>
      <system-out><![CDATA[21-04-2024T17:37:49 - [TEST_SUITE][PASSED] - TS_Add_Reptile_To_Cart: Test Cases/Add_Reptile_To_Cart]]></system-out>
      <system-err><![CDATA[]]></system-err>
   </testsuite>
</testsuites>
