<?xml version="1.0" encoding="UTF-8"?>
<testsuites name="TS_Navigate" time="43.866" tests="1" failures="0" errors="0">
   <testsuite name="TS_Navigate" tests="1" failures="0" errors="0" time="43.866" skipped="0" timestamp="21-04-2024T17:37:53" hostname="XQ612DJ - IN3086658W1.ey.net" id="Test Suites/TS_Navigate">
      <properties>
         <property name="deviceName" value=""/>
         <property name="devicePlatform" value=""/>
         <property name="logFolder" value="C:\\Users\\XQ612DJ\\git\\KatalonPetStoreGit\\Reports\\20240421_173716\\TS_Navigate\\20240421_173721"/>
         <property name="logFiles" value="C:\\Users\\XQ612DJ\\git\\KatalonPetStoreGit\\Reports\\20240421_173716\\TS_Navigate\\20240421_173721\\execution0.log"/>
         <property name="attachments" value=""/>
         <property name="hostName" value="XQ612DJ - IN3086658W1.ey.net"/>
         <property name="os" value="Windows 10 64bit"/>
         <property name="katalonVersion" value="9.4.0.212"/>
         <property name="browser" value="Edge Chromium 123"/>
         <property name="hostAddress" value="192.168.29.106"/>
         <property name="sessionId" value="3c3ef1675f4bb7ff772f04158518afe1"/>
         <property name="seleniumVersion" value="3.141.59"/>
         <property name="proxyInformation" value="ProxyInformation { proxyOption=NO_PROXY, proxyServerType=HTTP, username=, password=********, proxyServerAddress=, proxyServerPort=0, executionList=&quot;&quot;, isApplyToDesiredCapabilities=true }"/>
         <property name="platform" value="Windows 10"/>
      </properties>
      <testcase name="Test Cases/Navigate" time="41.663" classname="Test Cases/Navigate" status="PASSED">
         <system-out><![CDATA[21-04-2024T17:37:55 - [TEST_CASE][PASSED] - Test Cases/Navigate: Test Cases/Navigate

21-04-2024T17:37:58 - [TEST_STEP][PASSED] - openBrowser(""): Browser is opened with url: ''

21-04-2024T17:38:02 - [MESSAGE][INFO] - Starting 'Edge Chromium' driver

21-04-2024T17:38:11 - [MESSAGE][INFO] - Action delay is set to 0 milliseconds

21-04-2024T17:38:17 - [MESSAGE][PASSED] - Browser is opened with url: ''

21-04-2024T17:38:17 - [TEST_STEP][PASSED] - navigateToUrl("https://petstore.octoperf.com/"): Navigate to 'https://petstore.octoperf.com/' successfully

21-04-2024T17:38:20 - [MESSAGE][PASSED] - Navigate to 'https://petstore.octoperf.com/' successfully

21-04-2024T17:38:20 - [TEST_STEP][PASSED] - click(findTestObject("Object Repository/Navigate/Page_JPetStore Demo/a_Enter the Store")): Object: 'Object Repository/Navigate/Page_JPetStore Demo/a_Enter the Store' is clicked on

21-04-2024T17:38:23 - [MESSAGE][PASSED] - Object: 'Object Repository/Navigate/Page_JPetStore Demo/a_Enter the Store' is clicked on

21-04-2024T17:38:23 - [TEST_STEP][PASSED] - click(findTestObject("Object Repository/Navigate/Page_JPetStore Demo/img")): Object: 'Object Repository/Navigate/Page_JPetStore Demo/img' is clicked on

21-04-2024T17:38:25 - [MESSAGE][PASSED] - Object: 'Object Repository/Navigate/Page_JPetStore Demo/img' is clicked on

21-04-2024T17:38:25 - [TEST_STEP][PASSED] - click(findTestObject("Object Repository/Navigate/Page_JPetStore Demo/img_1")): Object: 'Object Repository/Navigate/Page_JPetStore Demo/img_1' is clicked on

21-04-2024T17:38:27 - [MESSAGE][PASSED] - Object: 'Object Repository/Navigate/Page_JPetStore Demo/img_1' is clicked on

21-04-2024T17:38:27 - [TEST_STEP][PASSED] - click(findTestObject("Object Repository/Navigate/Page_JPetStore Demo/img_1_2")): Object: 'Object Repository/Navigate/Page_JPetStore Demo/img_1_2' is clicked on

21-04-2024T17:38:28 - [MESSAGE][PASSED] - Object: 'Object Repository/Navigate/Page_JPetStore Demo/img_1_2' is clicked on

21-04-2024T17:38:28 - [TEST_STEP][PASSED] - click(findTestObject("Object Repository/Navigate/Page_JPetStore Demo/img_1_2_3")): Object: 'Object Repository/Navigate/Page_JPetStore Demo/img_1_2_3' is clicked on

21-04-2024T17:38:29 - [MESSAGE][PASSED] - Object: 'Object Repository/Navigate/Page_JPetStore Demo/img_1_2_3' is clicked on

21-04-2024T17:38:29 - [TEST_STEP][PASSED] - click(findTestObject("Object Repository/Navigate/Page_JPetStore Demo/img_1_2_3_4")): Object: 'Object Repository/Navigate/Page_JPetStore Demo/img_1_2_3_4' is clicked on

21-04-2024T17:38:30 - [MESSAGE][PASSED] - Object: 'Object Repository/Navigate/Page_JPetStore Demo/img_1_2_3_4' is clicked on

21-04-2024T17:38:30 - [TEST_STEP][PASSED] - click(findTestObject("Object Repository/Navigate/Page_JPetStore Demo/a_Return to Main Menu")): Object: 'Object Repository/Navigate/Page_JPetStore Demo/a_Return to Main Menu' is clicked on

21-04-2024T17:38:32 - [MESSAGE][PASSED] - Object: 'Object Repository/Navigate/Page_JPetStore Demo/a_Return to Main Menu' is clicked on

21-04-2024T17:38:32 - [TEST_STEP][PASSED] - closeBrowser(): Browser is closed

21-04-2024T17:38:37 - [MESSAGE][PASSED] - Browser is closed]]></system-out>
         <system-err><![CDATA[]]></system-err>
      </testcase>
      <system-out><![CDATA[21-04-2024T17:37:53 - [TEST_SUITE][PASSED] - TS_Navigate: Test Cases/Navigate]]></system-out>
      <system-err><![CDATA[]]></system-err>
   </testsuite>
</testsuites>
