<?xml version="1.0" encoding="UTF-8"?>
<testsuites name="TS_Login" time="11.187" tests="1" failures="0" errors="0">
   <testsuite name="TS_Login" tests="1" failures="0" errors="0" time="11.187" skipped="0" timestamp="21-04-2024T15:09:19" hostname="XQ612DJ - IN3086658W1.ey.net" id="Test Suites/TS_Login">
      <properties>
         <property name="deviceName" value=""/>
         <property name="devicePlatform" value=""/>
         <property name="logFolder" value="C:\\Users\\XQ612DJ\\git\\KatalonPetStoreGit\\Reports\\20240421_150907\\TS_Login\\20240421_150909"/>
         <property name="logFiles" value="C:\\Users\\XQ612DJ\\git\\KatalonPetStoreGit\\Reports\\20240421_150907\\TS_Login\\20240421_150909\\execution0.log"/>
         <property name="attachments" value=""/>
         <property name="hostName" value="XQ612DJ - IN3086658W1.ey.net"/>
         <property name="os" value="Windows 10 64bit"/>
         <property name="katalonVersion" value="9.4.0.212"/>
         <property name="browser" value="Edge Chromium 123"/>
         <property name="hostAddress" value="192.168.29.106"/>
         <property name="sessionId" value="06b57ce455ff1afb31040534116a5110"/>
         <property name="seleniumVersion" value="3.141.59"/>
         <property name="proxyInformation" value="ProxyInformation { proxyOption=NO_PROXY, proxyServerType=HTTP, username=, password=********, proxyServerAddress=, proxyServerPort=0, executionList=&quot;&quot;, isApplyToDesiredCapabilities=true }"/>
         <property name="platform" value="Windows 10"/>
      </properties>
      <testcase name="Test Cases/Login" time="10.811" classname="Test Cases/Login" status="PASSED">
         <system-out><![CDATA[21-04-2024T15:09:19 - [TEST_CASE][PASSED] - Test Cases/Login: Test Cases/Login

21-04-2024T15:09:20 - [TEST_STEP][PASSED] - openBrowser(""): Browser is opened with url: ''

21-04-2024T15:09:20 - [MESSAGE][INFO] - Starting 'Edge Chromium' driver

21-04-2024T15:09:23 - [MESSAGE][INFO] - Action delay is set to 0 milliseconds

21-04-2024T15:09:25 - [MESSAGE][PASSED] - Browser is opened with url: ''

21-04-2024T15:09:25 - [TEST_STEP][PASSED] - navigateToUrl("https://petstore.octoperf.com/"): Navigate to 'https://petstore.octoperf.com/' successfully

21-04-2024T15:09:26 - [MESSAGE][PASSED] - Navigate to 'https://petstore.octoperf.com/' successfully

21-04-2024T15:09:26 - [TEST_STEP][PASSED] - click(findTestObject("Object Repository/PetStore/Page_JPetStore Demo/a_Enter the Store")): Object: 'Object Repository/PetStore/Page_JPetStore Demo/a_Enter the Store' is clicked on

21-04-2024T15:09:28 - [MESSAGE][PASSED] - Object: 'Object Repository/PetStore/Page_JPetStore Demo/a_Enter the Store' is clicked on

21-04-2024T15:09:28 - [TEST_STEP][PASSED] - click(findTestObject("Object Repository/PetStore/Page_JPetStore Demo/a_Sign In")): Object: 'Object Repository/PetStore/Page_JPetStore Demo/a_Sign In' is clicked on

21-04-2024T15:09:28 - [MESSAGE][PASSED] - Object: 'Object Repository/PetStore/Page_JPetStore Demo/a_Sign In' is clicked on

21-04-2024T15:09:28 - [TEST_STEP][PASSED] - setText(findTestObject("Object Repository/PetStore/Page_JPetStore Demo/input_Need a user name and password_username"), "j2ee"): Text 'j2ee' is set on object 'Object Repository/PetStore/Page_JPetStore Demo/input_Need a user name and password_username'

21-04-2024T15:09:29 - [MESSAGE][PASSED] - Text 'j2ee' is set on object 'Object Repository/PetStore/Page_JPetStore Demo/input_Need a user name and password_username'

21-04-2024T15:09:29 - [TEST_STEP][PASSED] - click(findTestObject("Object Repository/PetStore/Page_JPetStore Demo/input_Need a user name and password_signon")): Object: 'Object Repository/PetStore/Page_JPetStore Demo/input_Need a user name and password_signon' is clicked on

21-04-2024T15:09:30 - [MESSAGE][PASSED] - Object: 'Object Repository/PetStore/Page_JPetStore Demo/input_Need a user name and password_signon' is clicked on]]></system-out>
         <system-err><![CDATA[]]></system-err>
      </testcase>
      <system-out><![CDATA[21-04-2024T15:09:19 - [TEST_SUITE][PASSED] - TS_Login: Test Cases/Login]]></system-out>
      <system-err><![CDATA[]]></system-err>
   </testsuite>
</testsuites>
