<?xml version="1.0" encoding="UTF-8"?>
<testsuites name="TS_Navigate" time="17.99" tests="1" failures="0" errors="0">
   <testsuite name="TS_Navigate" tests="1" failures="0" errors="0" time="17.99" skipped="0" timestamp="21-04-2024T16:51:34" hostname="XQ612DJ - IN3086658W1.ey.net" id="Test Suites/TS_Navigate">
      <properties>
         <property name="deviceName" value=""/>
         <property name="devicePlatform" value=""/>
         <property name="logFolder" value="C:\\Users\\XQ612DJ\\git\\KatalonPetStoreGit\\Reports\\20240421_165125\\TS_Navigate\\20240421_165126"/>
         <property name="logFiles" value="C:\\Users\\XQ612DJ\\git\\KatalonPetStoreGit\\Reports\\20240421_165125\\TS_Navigate\\20240421_165126\\execution0.log"/>
         <property name="attachments" value=""/>
         <property name="hostName" value="XQ612DJ - IN3086658W1.ey.net"/>
         <property name="os" value="Windows 10 64bit"/>
         <property name="katalonVersion" value="9.4.0.212"/>
         <property name="browser" value="Edge Chromium 123"/>
         <property name="hostAddress" value="192.168.29.106"/>
         <property name="sessionId" value="f6baa29b2ce8b09b458a7c1356a3e9f3"/>
         <property name="seleniumVersion" value="3.141.59"/>
         <property name="proxyInformation" value="ProxyInformation { proxyOption=NO_PROXY, proxyServerType=HTTP, username=, password=********, proxyServerAddress=, proxyServerPort=0, executionList=&quot;&quot;, isApplyToDesiredCapabilities=true }"/>
         <property name="platform" value="Windows 10"/>
      </properties>
      <testcase name="Test Cases/Navigate" time="17.529" classname="Test Cases/Navigate" status="PASSED">
         <system-out><![CDATA[21-04-2024T16:51:35 - [TEST_CASE][PASSED] - Test Cases/Navigate: Test Cases/Navigate

21-04-2024T16:51:35 - [TEST_STEP][PASSED] - openBrowser(""): Browser is opened with url: ''

21-04-2024T16:51:36 - [MESSAGE][INFO] - Starting 'Edge Chromium' driver

21-04-2024T16:51:40 - [MESSAGE][INFO] - Action delay is set to 0 milliseconds

21-04-2024T16:51:43 - [MESSAGE][PASSED] - Browser is opened with url: ''

21-04-2024T16:51:43 - [TEST_STEP][PASSED] - navigateToUrl("https://petstore.octoperf.com/"): Navigate to 'https://petstore.octoperf.com/' successfully

21-04-2024T16:51:45 - [MESSAGE][PASSED] - Navigate to 'https://petstore.octoperf.com/' successfully

21-04-2024T16:51:45 - [TEST_STEP][PASSED] - click(findTestObject("Object Repository/Navigate/Page_JPetStore Demo/a_Enter the Store")): Object: 'Object Repository/Navigate/Page_JPetStore Demo/a_Enter the Store' is clicked on

21-04-2024T16:51:47 - [MESSAGE][PASSED] - Object: 'Object Repository/Navigate/Page_JPetStore Demo/a_Enter the Store' is clicked on

21-04-2024T16:51:47 - [TEST_STEP][PASSED] - click(findTestObject("Object Repository/Navigate/Page_JPetStore Demo/img")): Object: 'Object Repository/Navigate/Page_JPetStore Demo/img' is clicked on

21-04-2024T16:51:48 - [MESSAGE][PASSED] - Object: 'Object Repository/Navigate/Page_JPetStore Demo/img' is clicked on

21-04-2024T16:51:48 - [TEST_STEP][PASSED] - click(findTestObject("Object Repository/Navigate/Page_JPetStore Demo/img_1")): Object: 'Object Repository/Navigate/Page_JPetStore Demo/img_1' is clicked on

21-04-2024T16:51:49 - [MESSAGE][PASSED] - Object: 'Object Repository/Navigate/Page_JPetStore Demo/img_1' is clicked on

21-04-2024T16:51:49 - [TEST_STEP][PASSED] - click(findTestObject("Object Repository/Navigate/Page_JPetStore Demo/img_1_2")): Object: 'Object Repository/Navigate/Page_JPetStore Demo/img_1_2' is clicked on

21-04-2024T16:51:49 - [MESSAGE][PASSED] - Object: 'Object Repository/Navigate/Page_JPetStore Demo/img_1_2' is clicked on

21-04-2024T16:51:49 - [TEST_STEP][PASSED] - click(findTestObject("Object Repository/Navigate/Page_JPetStore Demo/img_1_2_3")): Object: 'Object Repository/Navigate/Page_JPetStore Demo/img_1_2_3' is clicked on

21-04-2024T16:51:50 - [MESSAGE][PASSED] - Object: 'Object Repository/Navigate/Page_JPetStore Demo/img_1_2_3' is clicked on

21-04-2024T16:51:50 - [TEST_STEP][PASSED] - click(findTestObject("Object Repository/Navigate/Page_JPetStore Demo/img_1_2_3_4")): Object: 'Object Repository/Navigate/Page_JPetStore Demo/img_1_2_3_4' is clicked on

21-04-2024T16:51:51 - [MESSAGE][PASSED] - Object: 'Object Repository/Navigate/Page_JPetStore Demo/img_1_2_3_4' is clicked on

21-04-2024T16:51:51 - [TEST_STEP][PASSED] - click(findTestObject("Object Repository/Navigate/Page_JPetStore Demo/a_Return to Main Menu")): Object: 'Object Repository/Navigate/Page_JPetStore Demo/a_Return to Main Menu' is clicked on

21-04-2024T16:51:51 - [MESSAGE][PASSED] - Object: 'Object Repository/Navigate/Page_JPetStore Demo/a_Return to Main Menu' is clicked on

21-04-2024T16:51:52 - [TEST_STEP][PASSED] - closeBrowser(): Browser is closed

21-04-2024T16:51:52 - [MESSAGE][PASSED] - Browser is closed]]></system-out>
         <system-err><![CDATA[]]></system-err>
      </testcase>
      <system-out><![CDATA[21-04-2024T16:51:34 - [TEST_SUITE][PASSED] - TS_Navigate: Test Cases/Navigate]]></system-out>
      <system-err><![CDATA[]]></system-err>
   </testsuite>
</testsuites>
