<?xml version="1.0" encoding="UTF-8"?>
<testsuites name="TS_VT_ReturnMainMenu" time="14.473" tests="1" failures="0" errors="0">
   <testsuite name="TS_VT_ReturnMainMenu" tests="1" failures="0" errors="0" time="14.473" skipped="0" timestamp="28-04-2024T14:27:04" hostname="XQ612DJ - IN3086658W1.ey.net" id="Test Suites/TS_VT_ReturnMainMenu">
      <properties>
         <property name="deviceName" value=""/>
         <property name="devicePlatform" value=""/>
         <property name="logFolder" value="C:\\Users\\XQ612DJ\\git\\KatalonPetStoreGit\\Reports\\20240428_142646\\TS_VT_ReturnMainMenu\\20240428_142646"/>
         <property name="logFiles" value="C:\\Users\\XQ612DJ\\git\\KatalonPetStoreGit\\Reports\\20240428_142646\\TS_VT_ReturnMainMenu\\20240428_142646\\execution0.log"/>
         <property name="attachments" value="keyes\keyes-mypic2.png"/>
         <property name="hostName" value="XQ612DJ - IN3086658W1.ey.net"/>
         <property name="os" value="Windows 10 64bit"/>
         <property name="katalonVersion" value="9.4.0.212"/>
         <property name="browser" value="Edge Chromium 124"/>
         <property name="hostAddress" value="192.168.29.106"/>
         <property name="sessionId" value="e4e9c82642ceff6bf962e8e3b7917653"/>
         <property name="seleniumVersion" value="3.141.59"/>
         <property name="proxyInformation" value="ProxyInformation { proxyOption=NO_PROXY, proxyServerType=HTTP, username=, password=********, proxyServerAddress=, proxyServerPort=0, executionList=&quot;&quot;, isApplyToDesiredCapabilities=true }"/>
         <property name="platform" value="Windows 10"/>
      </properties>
      <testcase name="Test Cases/VT_ReturnMainMenu" time="14.092" classname="Test Cases/VT_ReturnMainMenu" status="PASSED">
         <system-out><![CDATA[28-04-2024T14:27:04 - [TEST_CASE][PASSED] - Test Cases/VT_ReturnMainMenu: Test Cases/VT_ReturnMainMenu

28-04-2024T14:27:05 - [TEST_STEP][PASSED] - openBrowser(""): Browser is opened with url: ''

28-04-2024T14:27:06 - [MESSAGE][INFO] - Starting 'Edge Chromium' driver

28-04-2024T14:27:08 - [MESSAGE][INFO] - Action delay is set to 0 milliseconds

28-04-2024T14:27:12 - [MESSAGE][PASSED] - Browser is opened with url: ''

28-04-2024T14:27:12 - [TEST_STEP][PASSED] - navigateToUrl("https://petstore.octoperf.com/"): Navigate to 'https://petstore.octoperf.com/' successfully

28-04-2024T14:27:13 - [MESSAGE][PASSED] - Navigate to 'https://petstore.octoperf.com/' successfully

28-04-2024T14:27:13 - [TEST_STEP][PASSED] - click(findTestObject("Object Repository/VT_ReturnMainMenu/Page_JPetStore Demo/a_Enter the Store")): Object: 'Object Repository/VT_ReturnMainMenu/Page_JPetStore Demo/a_Enter the Store' is clicked on

28-04-2024T14:27:15 - [MESSAGE][PASSED] - Object: 'Object Repository/VT_ReturnMainMenu/Page_JPetStore Demo/a_Enter the Store' is clicked on

28-04-2024T14:27:15 - [TEST_STEP][PASSED] - click(findTestObject("Object Repository/VT_ReturnMainMenu/Page_JPetStore Demo/img")): Object: 'Object Repository/VT_ReturnMainMenu/Page_JPetStore Demo/img' is clicked on

28-04-2024T14:27:15 - [MESSAGE][PASSED] - Object: 'Object Repository/VT_ReturnMainMenu/Page_JPetStore Demo/img' is clicked on

28-04-2024T14:27:15 - [TEST_STEP][PASSED] - click(findTestObject("Object Repository/VT_ReturnMainMenu/Page_JPetStore Demo/a_Return to Main Menu")): Object: 'Object Repository/VT_ReturnMainMenu/Page_JPetStore Demo/a_Return to Main Menu' is clicked on

28-04-2024T14:27:16 - [MESSAGE][PASSED] - Object: 'Object Repository/VT_ReturnMainMenu/Page_JPetStore Demo/a_Return to Main Menu' is clicked on

28-04-2024T14:27:16 - [TEST_STEP][PASSED] - takeScreenshotAsCheckpoint("mypic2"): Taking screenshot successfully

28-04-2024T14:27:17 - [MESSAGE][INFO] - 0 hidden object(s)

28-04-2024T14:27:17 - [MESSAGE][PASSED] - Taking screenshot successfully
[[ATTACHMENT|keyes\keyes-mypic2.png]]

28-04-2024T14:27:17 - [TEST_STEP][PASSED] - click(findTestObject("Object Repository/VT_ReturnMainMenu/Page_JPetStore Demo/a_Sign In")): Object: 'Object Repository/VT_ReturnMainMenu/Page_JPetStore Demo/a_Sign In' is clicked on

28-04-2024T14:27:18 - [MESSAGE][PASSED] - Object: 'Object Repository/VT_ReturnMainMenu/Page_JPetStore Demo/a_Sign In' is clicked on

28-04-2024T14:27:18 - [TEST_STEP][PASSED] - closeBrowser(): Browser is closed

28-04-2024T14:27:18 - [MESSAGE][PASSED] - Browser is closed]]></system-out>
         <system-err><![CDATA[]]></system-err>
      </testcase>
      <system-out><![CDATA[28-04-2024T14:27:04 - [TEST_SUITE][PASSED] - TS_VT_ReturnMainMenu: Test Cases/VT_ReturnMainMenu]]></system-out>
      <system-err><![CDATA[]]></system-err>
   </testsuite>
</testsuites>
