<?xml version="1.0" encoding="UTF-8"?>
<testsuites name="TS_Navigate" time="16.644" tests="1" failures="0" errors="0">
   <testsuite name="TS_Navigate" tests="1" failures="0" errors="0" time="16.644" skipped="0" timestamp="28-04-2024T11:09:45" hostname="XQ612DJ - IN3086658W1.ey.net" id="Test Suites/TS_Navigate">
      <properties>
         <property name="deviceName" value=""/>
         <property name="devicePlatform" value=""/>
         <property name="logFolder" value="C:\\Users\\XQ612DJ\\git\\KatalonPetStoreGit\\Reports\\20240428_110922\\TS_Navigate\\20240428_110922"/>
         <property name="logFiles" value="C:\\Users\\XQ612DJ\\git\\KatalonPetStoreGit\\Reports\\20240428_110922\\TS_Navigate\\20240428_110922\\execution0.log"/>
         <property name="attachments" value=""/>
         <property name="hostName" value="XQ612DJ - IN3086658W1.ey.net"/>
         <property name="os" value="Windows 10 64bit"/>
         <property name="katalonVersion" value="9.4.0.212"/>
         <property name="browser" value="Edge Chromium 124"/>
         <property name="hostAddress" value="192.168.29.106"/>
         <property name="sessionId" value="915143e1d1e714b04d98fd002362546b"/>
         <property name="seleniumVersion" value="3.141.59"/>
         <property name="proxyInformation" value="ProxyInformation { proxyOption=NO_PROXY, proxyServerType=HTTP, username=, password=********, proxyServerAddress=, proxyServerPort=0, executionList=&quot;&quot;, isApplyToDesiredCapabilities=true }"/>
         <property name="platform" value="Windows 10"/>
      </properties>
      <testcase name="Test Cases/Navigate" time="16.138" classname="Test Cases/Navigate" status="PASSED">
         <system-out><![CDATA[28-04-2024T11:09:46 - [TEST_CASE][PASSED] - Test Cases/Navigate: Test Cases/Navigate

28-04-2024T11:09:47 - [TEST_STEP][PASSED] - openBrowser(""): Browser is opened with url: ''

28-04-2024T11:09:48 - [MESSAGE][INFO] - Starting 'Edge Chromium' driver

28-04-2024T11:09:49 - [MESSAGE][INFO] - Action delay is set to 0 milliseconds

28-04-2024T11:09:54 - [MESSAGE][PASSED] - Browser is opened with url: ''

28-04-2024T11:09:54 - [TEST_STEP][PASSED] - navigateToUrl("https://petstore.octoperf.com/"): Navigate to 'https://petstore.octoperf.com/' successfully

28-04-2024T11:09:55 - [MESSAGE][PASSED] - Navigate to 'https://petstore.octoperf.com/' successfully

28-04-2024T11:09:55 - [TEST_STEP][PASSED] - click(findTestObject("Object Repository/Navigate/Page_JPetStore Demo/a_Enter the Store")): Object: 'Object Repository/Navigate/Page_JPetStore Demo/a_Enter the Store' is clicked on

28-04-2024T11:09:57 - [MESSAGE][PASSED] - Object: 'Object Repository/Navigate/Page_JPetStore Demo/a_Enter the Store' is clicked on

28-04-2024T11:09:57 - [TEST_STEP][PASSED] - click(findTestObject("Object Repository/Navigate/Page_JPetStore Demo/img")): Object: 'Object Repository/Navigate/Page_JPetStore Demo/img' is clicked on

28-04-2024T11:09:58 - [MESSAGE][PASSED] - Object: 'Object Repository/Navigate/Page_JPetStore Demo/img' is clicked on

28-04-2024T11:09:58 - [TEST_STEP][PASSED] - click(findTestObject("Object Repository/Navigate/Page_JPetStore Demo/img_1")): Object: 'Object Repository/Navigate/Page_JPetStore Demo/img_1' is clicked on

28-04-2024T11:09:58 - [MESSAGE][PASSED] - Object: 'Object Repository/Navigate/Page_JPetStore Demo/img_1' is clicked on

28-04-2024T11:09:58 - [TEST_STEP][PASSED] - click(findTestObject("Object Repository/Navigate/Page_JPetStore Demo/img_1_2")): Object: 'Object Repository/Navigate/Page_JPetStore Demo/img_1_2' is clicked on

28-04-2024T11:09:59 - [MESSAGE][PASSED] - Object: 'Object Repository/Navigate/Page_JPetStore Demo/img_1_2' is clicked on

28-04-2024T11:09:59 - [TEST_STEP][PASSED] - click(findTestObject("Object Repository/Navigate/Page_JPetStore Demo/img_1_2_3")): Object: 'Object Repository/Navigate/Page_JPetStore Demo/img_1_2_3' is clicked on

28-04-2024T11:10:00 - [MESSAGE][PASSED] - Object: 'Object Repository/Navigate/Page_JPetStore Demo/img_1_2_3' is clicked on

28-04-2024T11:10:00 - [TEST_STEP][PASSED] - click(findTestObject("Object Repository/Navigate/Page_JPetStore Demo/img_1_2_3_4")): Object: 'Object Repository/Navigate/Page_JPetStore Demo/img_1_2_3_4' is clicked on

28-04-2024T11:10:01 - [MESSAGE][PASSED] - Object: 'Object Repository/Navigate/Page_JPetStore Demo/img_1_2_3_4' is clicked on

28-04-2024T11:10:01 - [TEST_STEP][PASSED] - click(findTestObject("Object Repository/Navigate/Page_JPetStore Demo/a_Return to Main Menu")): Object: 'Object Repository/Navigate/Page_JPetStore Demo/a_Return to Main Menu' is clicked on

28-04-2024T11:10:02 - [MESSAGE][PASSED] - Object: 'Object Repository/Navigate/Page_JPetStore Demo/a_Return to Main Menu' is clicked on

28-04-2024T11:10:02 - [TEST_STEP][PASSED] - closeBrowser(): Browser is closed

28-04-2024T11:10:02 - [MESSAGE][PASSED] - Browser is closed]]></system-out>
         <system-err><![CDATA[]]></system-err>
      </testcase>
      <system-out><![CDATA[28-04-2024T11:09:45 - [TEST_SUITE][PASSED] - TS_Navigate: Test Cases/Navigate]]></system-out>
      <system-err><![CDATA[]]></system-err>
   </testsuite>
</testsuites>
