<?xml version="1.0" encoding="UTF-8"?>
<testsuites name="TS_VT_Navigate" time="15.834" tests="1" failures="0" errors="0">
   <testsuite name="TS_VT_Navigate" tests="1" failures="0" errors="0" time="15.834" skipped="0" timestamp="28-04-2024T12:15:42" hostname="XQ612DJ - IN3086658W1.ey.net" id="Test Suites/TS_VT_Navigate">
      <properties>
         <property name="deviceName" value=""/>
         <property name="devicePlatform" value=""/>
         <property name="logFolder" value="C:\\Users\\XQ612DJ\\git\\KatalonPetStoreGit\\Reports\\20240428_121534\\TS_VT_Navigate\\20240428_121534"/>
         <property name="logFiles" value="C:\\Users\\XQ612DJ\\git\\KatalonPetStoreGit\\Reports\\20240428_121534\\TS_VT_Navigate\\20240428_121534\\execution0.log"/>
         <property name="attachments" value="keyes\keyes-mypic.png"/>
         <property name="hostName" value="XQ612DJ - IN3086658W1.ey.net"/>
         <property name="os" value="Windows 10 64bit"/>
         <property name="katalonVersion" value="9.4.0.212"/>
         <property name="browser" value="Edge Chromium 124"/>
         <property name="hostAddress" value="192.168.29.106"/>
         <property name="sessionId" value="40246d24f4a04a145df9f85b224f04c6"/>
         <property name="seleniumVersion" value="3.141.59"/>
         <property name="proxyInformation" value="ProxyInformation { proxyOption=NO_PROXY, proxyServerType=HTTP, username=, password=********, proxyServerAddress=, proxyServerPort=0, executionList=&quot;&quot;, isApplyToDesiredCapabilities=true }"/>
         <property name="platform" value="Windows 10"/>
      </properties>
      <testcase name="Test Cases/VT_Navigate" time="15.502" classname="Test Cases/VT_Navigate" status="PASSED">
         <system-out><![CDATA[28-04-2024T12:15:42 - [TEST_CASE][PASSED] - Test Cases/VT_Navigate: Test Cases/VT_Navigate

28-04-2024T12:15:43 - [TEST_STEP][PASSED] - openBrowser(""): Browser is opened with url: ''

28-04-2024T12:15:44 - [MESSAGE][INFO] - Starting 'Edge Chromium' driver

28-04-2024T12:15:46 - [MESSAGE][INFO] - Action delay is set to 0 milliseconds

28-04-2024T12:15:51 - [MESSAGE][PASSED] - Browser is opened with url: ''

28-04-2024T12:15:51 - [TEST_STEP][PASSED] - navigateToUrl("https://petstore.octoperf.com/"): Navigate to 'https://petstore.octoperf.com/' successfully

28-04-2024T12:15:52 - [MESSAGE][PASSED] - Navigate to 'https://petstore.octoperf.com/' successfully

28-04-2024T12:15:52 - [TEST_STEP][PASSED] - click(findTestObject("Object Repository/VT_Navigate/Page_JPetStore Demo/a_Enter the Store")): Object: 'Object Repository/VT_Navigate/Page_JPetStore Demo/a_Enter the Store' is clicked on

28-04-2024T12:15:54 - [MESSAGE][PASSED] - Object: 'Object Repository/VT_Navigate/Page_JPetStore Demo/a_Enter the Store' is clicked on

28-04-2024T12:15:54 - [TEST_STEP][PASSED] - takeScreenshotAsCheckpoint("mypic"): Taking screenshot successfully

28-04-2024T12:15:55 - [MESSAGE][INFO] - 0 hidden object(s)

28-04-2024T12:15:55 - [MESSAGE][PASSED] - Taking screenshot successfully
[[ATTACHMENT|keyes\keyes-mypic.png]]

28-04-2024T12:15:55 - [TEST_STEP][PASSED] - click(findTestObject("Object Repository/VT_Navigate/Page_JPetStore Demo/img")): Object: 'Object Repository/VT_Navigate/Page_JPetStore Demo/img' is clicked on

28-04-2024T12:15:56 - [MESSAGE][PASSED] - Object: 'Object Repository/VT_Navigate/Page_JPetStore Demo/img' is clicked on

28-04-2024T12:15:56 - [TEST_STEP][PASSED] - click(findTestObject("Object Repository/VT_Navigate/Page_JPetStore Demo/img_1")): Object: 'Object Repository/VT_Navigate/Page_JPetStore Demo/img_1' is clicked on

28-04-2024T12:15:57 - [MESSAGE][PASSED] - Object: 'Object Repository/VT_Navigate/Page_JPetStore Demo/img_1' is clicked on

28-04-2024T12:15:57 - [TEST_STEP][PASSED] - closeBrowser(): Browser is closed

28-04-2024T12:15:58 - [MESSAGE][PASSED] - Browser is closed]]></system-out>
         <system-err><![CDATA[]]></system-err>
      </testcase>
      <system-out><![CDATA[28-04-2024T12:15:42 - [TEST_SUITE][PASSED] - TS_VT_Navigate: Test Cases/VT_Navigate]]></system-out>
      <system-err><![CDATA[]]></system-err>
   </testsuite>
</testsuites>
