<?xml version="1.0" encoding="UTF-8"?>
<testsuites name="TSC_Navigate" time="66.095" tests="3" failures="0" errors="0">
   <testsuite name="TS_Add_Fishes_To_Cart" tests="1" failures="0" errors="0" time="37.677" skipped="0" timestamp="21-04-2024T16:58:12" hostname="XQ612DJ - IN3086658W1.ey.net" id="Test Suites/TS_Add_Fishes_To_Cart">
      <properties>
         <property name="deviceName" value=""/>
         <property name="devicePlatform" value=""/>
         <property name="logFolder" value="C:\\Users\\XQ612DJ\\git\\KatalonPetStoreGit\\Reports\\20240421_165737\\TS_Add_Fishes_To_Cart\\20240421_165739"/>
         <property name="logFiles" value="C:\\Users\\XQ612DJ\\git\\KatalonPetStoreGit\\Reports\\20240421_165737\\TS_Add_Fishes_To_Cart\\20240421_165739\\execution0.log"/>
         <property name="attachments" value=""/>
         <property name="hostName" value="XQ612DJ - IN3086658W1.ey.net"/>
         <property name="os" value="Windows 10 64bit"/>
         <property name="katalonVersion" value="9.4.0.212"/>
         <property name="browser" value="Edge Chromium 123"/>
         <property name="hostAddress" value="192.168.29.106"/>
         <property name="sessionId" value="1f8ca68551bf072815ae0cebde0fae21"/>
         <property name="seleniumVersion" value="3.141.59"/>
         <property name="proxyInformation" value="ProxyInformation { proxyOption=NO_PROXY, proxyServerType=HTTP, username=, password=********, proxyServerAddress=, proxyServerPort=0, executionList=&quot;&quot;, isApplyToDesiredCapabilities=true }"/>
         <property name="platform" value="Windows 10"/>
      </properties>
      <testcase name="Test Cases/Add_Fish_To_Cart" time="36.763" classname="Test Cases/Add_Fish_To_Cart" status="PASSED">
         <system-out><![CDATA[21-04-2024T16:58:13 - [TEST_CASE][PASSED] - Test Cases/Add_Fish_To_Cart: Test Cases/Add_Fish_To_Cart

21-04-2024T16:58:15 - [TEST_STEP][PASSED] - openBrowser(""): Browser is opened with url: ''

21-04-2024T16:58:17 - [MESSAGE][INFO] - Starting 'Edge Chromium' driver

21-04-2024T16:58:21 - [MESSAGE][INFO] - Action delay is set to 0 milliseconds

21-04-2024T16:58:28 - [MESSAGE][PASSED] - Browser is opened with url: ''

21-04-2024T16:58:28 - [TEST_STEP][PASSED] - navigateToUrl("https://petstore.octoperf.com/"): Navigate to 'https://petstore.octoperf.com/' successfully

21-04-2024T16:58:31 - [MESSAGE][PASSED] - Navigate to 'https://petstore.octoperf.com/' successfully

21-04-2024T16:58:31 - [TEST_STEP][PASSED] - click(findTestObject("Object Repository/Add_Fish_To_Cart/Page_JPetStore Demo/a_Enter the Store")): Object: 'Object Repository/Add_Fish_To_Cart/Page_JPetStore Demo/a_Enter the Store' is clicked on

21-04-2024T16:58:37 - [MESSAGE][PASSED] - Object: 'Object Repository/Add_Fish_To_Cart/Page_JPetStore Demo/a_Enter the Store' is clicked on

21-04-2024T16:58:37 - [TEST_STEP][PASSED] - click(findTestObject("Object Repository/Add_Fish_To_Cart/Page_JPetStore Demo/img")): Object: 'Object Repository/Add_Fish_To_Cart/Page_JPetStore Demo/img' is clicked on

21-04-2024T16:58:39 - [MESSAGE][PASSED] - Object: 'Object Repository/Add_Fish_To_Cart/Page_JPetStore Demo/img' is clicked on

21-04-2024T16:58:39 - [TEST_STEP][PASSED] - click(findTestObject("Object Repository/Add_Fish_To_Cart/Page_JPetStore Demo/a_FI-SW-01")): Object: 'Object Repository/Add_Fish_To_Cart/Page_JPetStore Demo/a_FI-SW-01' is clicked on

21-04-2024T16:58:40 - [MESSAGE][PASSED] - Object: 'Object Repository/Add_Fish_To_Cart/Page_JPetStore Demo/a_FI-SW-01' is clicked on

21-04-2024T16:58:40 - [TEST_STEP][PASSED] - click(findTestObject("Object Repository/Add_Fish_To_Cart/Page_JPetStore Demo/a_Add to Cart")): Object: 'Object Repository/Add_Fish_To_Cart/Page_JPetStore Demo/a_Add to Cart' is clicked on

21-04-2024T16:58:42 - [MESSAGE][PASSED] - Object: 'Object Repository/Add_Fish_To_Cart/Page_JPetStore Demo/a_Add to Cart' is clicked on

21-04-2024T16:58:43 - [TEST_STEP][PASSED] - click(findTestObject("Object Repository/Add_Fish_To_Cart/Page_JPetStore Demo/img")): Object: 'Object Repository/Add_Fish_To_Cart/Page_JPetStore Demo/img' is clicked on

21-04-2024T16:58:44 - [MESSAGE][PASSED] - Object: 'Object Repository/Add_Fish_To_Cart/Page_JPetStore Demo/img' is clicked on

21-04-2024T16:58:44 - [TEST_STEP][PASSED] - click(findTestObject("Object Repository/Add_Fish_To_Cart/Page_JPetStore Demo/a_FI-FW-02")): Object: 'Object Repository/Add_Fish_To_Cart/Page_JPetStore Demo/a_FI-FW-02' is clicked on

21-04-2024T16:58:45 - [MESSAGE][PASSED] - Object: 'Object Repository/Add_Fish_To_Cart/Page_JPetStore Demo/a_FI-FW-02' is clicked on

21-04-2024T16:58:45 - [TEST_STEP][PASSED] - click(findTestObject("Object Repository/Add_Fish_To_Cart/Page_JPetStore Demo/a_Add to Cart_1")): Object: 'Object Repository/Add_Fish_To_Cart/Page_JPetStore Demo/a_Add to Cart_1' is clicked on

21-04-2024T16:58:47 - [MESSAGE][PASSED] - Object: 'Object Repository/Add_Fish_To_Cart/Page_JPetStore Demo/a_Add to Cart_1' is clicked on

21-04-2024T16:58:47 - [TEST_STEP][PASSED] - closeBrowser(): Browser is closed

21-04-2024T16:58:50 - [MESSAGE][PASSED] - Browser is closed]]></system-out>
         <system-err><![CDATA[]]></system-err>
      </testcase>
      <system-out><![CDATA[21-04-2024T16:58:12 - [TEST_SUITE][PASSED] - TS_Add_Fishes_To_Cart: Test Cases/Add_Fish_To_Cart]]></system-out>
      <system-err><![CDATA[]]></system-err>
   </testsuite>
   <testsuite name="TS_Add_Reptile_To_Cart" tests="1" failures="0" errors="0" time="35.76" skipped="0" timestamp="21-04-2024T16:58:12" hostname="XQ612DJ - IN3086658W1.ey.net" id="Test Suites/TS_Add_Reptile_To_Cart">
      <properties>
         <property name="deviceName" value=""/>
         <property name="devicePlatform" value=""/>
         <property name="logFolder" value="C:\\Users\\XQ612DJ\\git\\KatalonPetStoreGit\\Reports\\20240421_165737\\TS_Add_Reptile_To_Cart\\20240421_165741"/>
         <property name="logFiles" value="C:\\Users\\XQ612DJ\\git\\KatalonPetStoreGit\\Reports\\20240421_165737\\TS_Add_Reptile_To_Cart\\20240421_165741\\execution0.log"/>
         <property name="attachments" value=""/>
         <property name="hostName" value="XQ612DJ - IN3086658W1.ey.net"/>
         <property name="os" value="Windows 10 64bit"/>
         <property name="katalonVersion" value="9.4.0.212"/>
         <property name="browser" value="Edge Chromium 123"/>
         <property name="hostAddress" value="192.168.29.106"/>
         <property name="sessionId" value="9aeb0493bdbe96f755d12bb952ad40c6"/>
         <property name="seleniumVersion" value="3.141.59"/>
         <property name="proxyInformation" value="ProxyInformation { proxyOption=NO_PROXY, proxyServerType=HTTP, username=, password=********, proxyServerAddress=, proxyServerPort=0, executionList=&quot;&quot;, isApplyToDesiredCapabilities=true }"/>
         <property name="platform" value="Windows 10"/>
      </properties>
      <testcase name="Test Cases/Add_Reptile_To_Cart" time="33.501" classname="Test Cases/Add_Reptile_To_Cart" status="PASSED">
         <system-out><![CDATA[21-04-2024T16:58:14 - [TEST_CASE][PASSED] - Test Cases/Add_Reptile_To_Cart: Test Cases/Add_Reptile_To_Cart

21-04-2024T16:58:16 - [TEST_STEP][PASSED] - openBrowser(""): Browser is opened with url: ''

21-04-2024T16:58:17 - [MESSAGE][INFO] - Starting 'Edge Chromium' driver

21-04-2024T16:58:21 - [MESSAGE][INFO] - Action delay is set to 0 milliseconds

21-04-2024T16:58:30 - [MESSAGE][PASSED] - Browser is opened with url: ''

21-04-2024T16:58:30 - [TEST_STEP][PASSED] - navigateToUrl("https://petstore.octoperf.com/"): Navigate to 'https://petstore.octoperf.com/' successfully

21-04-2024T16:58:32 - [MESSAGE][PASSED] - Navigate to 'https://petstore.octoperf.com/' successfully

21-04-2024T16:58:32 - [TEST_STEP][PASSED] - click(findTestObject("Object Repository/Add_Reptile_To_Cart/Page_JPetStore Demo/a_Enter the Store")): Object: 'Object Repository/Add_Reptile_To_Cart/Page_JPetStore Demo/a_Enter the Store' is clicked on

21-04-2024T16:58:38 - [MESSAGE][PASSED] - Object: 'Object Repository/Add_Reptile_To_Cart/Page_JPetStore Demo/a_Enter the Store' is clicked on

21-04-2024T16:58:38 - [TEST_STEP][PASSED] - click(findTestObject("Object Repository/Add_Reptile_To_Cart/Page_JPetStore Demo/img")): Object: 'Object Repository/Add_Reptile_To_Cart/Page_JPetStore Demo/img' is clicked on

21-04-2024T16:58:40 - [MESSAGE][PASSED] - Object: 'Object Repository/Add_Reptile_To_Cart/Page_JPetStore Demo/img' is clicked on

21-04-2024T16:58:40 - [TEST_STEP][PASSED] - click(findTestObject("Object Repository/Add_Reptile_To_Cart/Page_JPetStore Demo/a_RP-SN-01")): Object: 'Object Repository/Add_Reptile_To_Cart/Page_JPetStore Demo/a_RP-SN-01' is clicked on

21-04-2024T16:58:42 - [MESSAGE][PASSED] - Object: 'Object Repository/Add_Reptile_To_Cart/Page_JPetStore Demo/a_RP-SN-01' is clicked on

21-04-2024T16:58:42 - [TEST_STEP][PASSED] - click(findTestObject("Object Repository/Add_Reptile_To_Cart/Page_JPetStore Demo/a_Add to Cart")): Object: 'Object Repository/Add_Reptile_To_Cart/Page_JPetStore Demo/a_Add to Cart' is clicked on

21-04-2024T16:58:44 - [MESSAGE][PASSED] - Object: 'Object Repository/Add_Reptile_To_Cart/Page_JPetStore Demo/a_Add to Cart' is clicked on

21-04-2024T16:58:44 - [TEST_STEP][PASSED] - closeBrowser(): Browser is closed

21-04-2024T16:58:48 - [MESSAGE][PASSED] - Browser is closed]]></system-out>
         <system-err><![CDATA[]]></system-err>
      </testcase>
      <system-out><![CDATA[21-04-2024T16:58:12 - [TEST_SUITE][PASSED] - TS_Add_Reptile_To_Cart: Test Cases/Add_Reptile_To_Cart]]></system-out>
      <system-err><![CDATA[]]></system-err>
   </testsuite>
   <testsuite name="TS_Navigate" tests="1" failures="0" errors="0" time="38.341" skipped="0" timestamp="21-04-2024T16:58:12" hostname="XQ612DJ - IN3086658W1.ey.net" id="Test Suites/TS_Navigate">
      <properties>
         <property name="deviceName" value=""/>
         <property name="devicePlatform" value=""/>
         <property name="logFolder" value="C:\\Users\\XQ612DJ\\git\\KatalonPetStoreGit\\Reports\\20240421_165737\\TS_Navigate\\20240421_165743"/>
         <property name="logFiles" value="C:\\Users\\XQ612DJ\\git\\KatalonPetStoreGit\\Reports\\20240421_165737\\TS_Navigate\\20240421_165743\\execution0.log"/>
         <property name="attachments" value=""/>
         <property name="hostName" value="XQ612DJ - IN3086658W1.ey.net"/>
         <property name="os" value="Windows 10 64bit"/>
         <property name="katalonVersion" value="9.4.0.212"/>
         <property name="browser" value="Edge Chromium 123"/>
         <property name="hostAddress" value="192.168.29.106"/>
         <property name="sessionId" value="0200a82b9177854a06cef63dc4092776"/>
         <property name="seleniumVersion" value="3.141.59"/>
         <property name="proxyInformation" value="ProxyInformation { proxyOption=NO_PROXY, proxyServerType=HTTP, username=, password=********, proxyServerAddress=, proxyServerPort=0, executionList=&quot;&quot;, isApplyToDesiredCapabilities=true }"/>
         <property name="platform" value="Windows 10"/>
      </properties>
      <testcase name="Test Cases/Navigate" time="37.137" classname="Test Cases/Navigate" status="PASSED">
         <system-out><![CDATA[21-04-2024T16:58:13 - [TEST_CASE][PASSED] - Test Cases/Navigate: Test Cases/Navigate

21-04-2024T16:58:16 - [TEST_STEP][PASSED] - openBrowser(""): Browser is opened with url: ''

21-04-2024T16:58:17 - [MESSAGE][INFO] - Starting 'Edge Chromium' driver

21-04-2024T16:58:21 - [MESSAGE][INFO] - Action delay is set to 0 milliseconds

21-04-2024T16:58:32 - [MESSAGE][PASSED] - Browser is opened with url: ''

21-04-2024T16:58:32 - [TEST_STEP][PASSED] - navigateToUrl("https://petstore.octoperf.com/"): Navigate to 'https://petstore.octoperf.com/' successfully

21-04-2024T16:58:33 - [MESSAGE][PASSED] - Navigate to 'https://petstore.octoperf.com/' successfully

21-04-2024T16:58:33 - [TEST_STEP][PASSED] - click(findTestObject("Object Repository/Navigate/Page_JPetStore Demo/a_Enter the Store")): Object: 'Object Repository/Navigate/Page_JPetStore Demo/a_Enter the Store' is clicked on

21-04-2024T16:58:38 - [MESSAGE][PASSED] - Object: 'Object Repository/Navigate/Page_JPetStore Demo/a_Enter the Store' is clicked on

21-04-2024T16:58:38 - [TEST_STEP][PASSED] - click(findTestObject("Object Repository/Navigate/Page_JPetStore Demo/img")): Object: 'Object Repository/Navigate/Page_JPetStore Demo/img' is clicked on

21-04-2024T16:58:39 - [MESSAGE][PASSED] - Object: 'Object Repository/Navigate/Page_JPetStore Demo/img' is clicked on

21-04-2024T16:58:39 - [TEST_STEP][PASSED] - click(findTestObject("Object Repository/Navigate/Page_JPetStore Demo/img_1")): Object: 'Object Repository/Navigate/Page_JPetStore Demo/img_1' is clicked on

21-04-2024T16:58:42 - [MESSAGE][PASSED] - Object: 'Object Repository/Navigate/Page_JPetStore Demo/img_1' is clicked on

21-04-2024T16:58:42 - [TEST_STEP][PASSED] - click(findTestObject("Object Repository/Navigate/Page_JPetStore Demo/img_1_2")): Object: 'Object Repository/Navigate/Page_JPetStore Demo/img_1_2' is clicked on

21-04-2024T16:58:44 - [MESSAGE][PASSED] - Object: 'Object Repository/Navigate/Page_JPetStore Demo/img_1_2' is clicked on

21-04-2024T16:58:44 - [TEST_STEP][PASSED] - click(findTestObject("Object Repository/Navigate/Page_JPetStore Demo/img_1_2_3")): Object: 'Object Repository/Navigate/Page_JPetStore Demo/img_1_2_3' is clicked on

21-04-2024T16:58:46 - [MESSAGE][PASSED] - Object: 'Object Repository/Navigate/Page_JPetStore Demo/img_1_2_3' is clicked on

21-04-2024T16:58:46 - [TEST_STEP][PASSED] - click(findTestObject("Object Repository/Navigate/Page_JPetStore Demo/img_1_2_3_4")): Object: 'Object Repository/Navigate/Page_JPetStore Demo/img_1_2_3_4' is clicked on

21-04-2024T16:58:47 - [MESSAGE][PASSED] - Object: 'Object Repository/Navigate/Page_JPetStore Demo/img_1_2_3_4' is clicked on

21-04-2024T16:58:47 - [TEST_STEP][PASSED] - click(findTestObject("Object Repository/Navigate/Page_JPetStore Demo/a_Return to Main Menu")): Object: 'Object Repository/Navigate/Page_JPetStore Demo/a_Return to Main Menu' is clicked on

21-04-2024T16:58:48 - [MESSAGE][PASSED] - Object: 'Object Repository/Navigate/Page_JPetStore Demo/a_Return to Main Menu' is clicked on

21-04-2024T16:58:48 - [TEST_STEP][PASSED] - closeBrowser(): Browser is closed

21-04-2024T16:58:50 - [MESSAGE][PASSED] - Browser is closed]]></system-out>
         <system-err><![CDATA[]]></system-err>
      </testcase>
      <system-out><![CDATA[21-04-2024T16:58:12 - [TEST_SUITE][PASSED] - TS_Navigate: Test Cases/Navigate]]></system-out>
      <system-err><![CDATA[]]></system-err>
   </testsuite>
</testsuites>
